[2025-08-07 09:48:48,567] 160 numexpr.utils - INFO - NumExpr defaulting to 8 threads.
[2025-08-07 09:48:54,774] 22 root - INFO - Initiate the data ingestion
[2025-08-07 09:49:05,284] 72 root - INFO - Performed train test split on the data
[2025-08-07 09:49:05,284] 73 root - INFO - Exited the split_data_as_train_test method
[2025-08-07 09:49:05,285] 78 root - INFO - Exporting train and test file path.
[2025-08-07 09:49:05,352] 83 root - INFO - Exported train and test file path.
[2025-08-07 09:49:05,352] 24 root - INFO - Data ingestion completed successfully
[2025-08-07 09:49:05,358] 30 root - INFO - Initiate the data validation
[2025-08-07 09:49:05,425] 55 root - INFO - Expected columns: 31, Actual columns: 31
[2025-08-07 09:49:05,426] 55 root - INFO - Expected columns: 31, Actual columns: 31
[2025-08-07 09:49:05,590] 32 root - INFO - Data validation completed successfully
[2025-08-07 09:49:05,591] 35 root - INFO - Data transformation started
[2025-08-07 09:49:05,591] 60 root - INFO - Initiating data transformation
[2025-08-07 09:49:05,591] 62 root - INFO - Starting data tranformation
[2025-08-07 09:49:05,650] 47 root - INFO - Entered the get_data_transformation_object method of the DataTransformation class
[2025-08-07 09:49:05,650] 51 root - INFO - Initialized KNNImputer with parameters: {'missing_values': nan, 'n_neighbors': 3, 'weights': 'uniform'}
[2025-08-07 09:49:05,662] 48 root - INFO - Saving object at: Artifacts\08_07_2025_09_48_49\data_transformation\transformed_object\preprocessing.pkl
[2025-08-07 09:49:05,664] 52 root - INFO - Object saved at: Artifacts\08_07_2025_09_48_49\data_transformation\transformed_object\preprocessing.pkl
[2025-08-07 09:49:05,664] 98 root - INFO - Data transformation artifact: DataTransformationArtifact(transformed_train_file_path='Artifacts\\08_07_2025_09_48_49\\data_transformation\\transformed\\train.npy', transformed_test_file_path='Artifacts\\08_07_2025_09_48_49\\data_transformation\\transformed\\test.npy', transformed_object_file_path='Artifacts\\08_07_2025_09_48_49\\data_transformation\\transformed_object\\preprocessing.pkl')
[2025-08-07 09:49:05,665] 40 root - INFO - Data transformation completed successfully
[2025-08-07 09:49:05,665] 43 root - INFO - Model training started
[2025-08-07 09:54:13,562] 48 root - INFO - Saving object at: Artifacts\08_07_2025_09_48_49\model_trainer\trained_model\model.pkl
[2025-08-07 09:54:13,589] 52 root - INFO - Object saved at: Artifacts\08_07_2025_09_48_49\model_trainer\trained_model\model.pkl
[2025-08-07 09:54:13,589] 134 root - INFO - Model training complete: ModelTrainerArtifact(trained_model_file_path='Artifacts\\08_07_2025_09_48_49\\model_trainer\\trained_model\\model.pkl', train_metric_artifact=ClassficationMetricArtifact(f1_score=0.9914547304170905, precision_score=0.9904471544715447, recall_score=0.9924643584521385), test_metric_artifact=ClassficationMetricArtifact(f1_score=0.9731247492980345, precision_score=0.9735152487961477, recall_score=0.9727345629510826))
[2025-08-07 09:54:13,602] 56 root - INFO - Model training completed successfully: ModelTrainerArtifact(trained_model_file_path='Artifacts\\08_07_2025_09_48_49\\model_trainer\\trained_model\\model.pkl', train_metric_artifact=ClassficationMetricArtifact(f1_score=0.9914547304170905, precision_score=0.9904471544715447, recall_score=0.9924643584521385), test_metric_artifact=ClassficationMetricArtifact(f1_score=0.9731247492980345, precision_score=0.9735152487961477, recall_score=0.9727345629510826))
