[2025-08-10 08:10:07,451] 160 numexpr.utils - INFO - NumExpr defaulting to 8 threads.
[2025-08-10 08:10:12,313] 1026 httpx - INFO - HTTP Request: GET https://dagshub.com/api/v1/user "HTTP/1.1 200 OK"
[2025-08-10 08:10:12,320] 107 dagshub - INFO - Accessing as Anderson12341645
[2025-08-10 08:10:13,014] 1026 httpx - INFO - HTTP Request: GET https://dagshub.com/api/v1/repos/Anderson12341645/networksecurity "HTTP/1.1 200 OK"
[2025-08-10 08:10:13,586] 1026 httpx - INFO - HTTP Request: GET https://dagshub.com/api/v1/user "HTTP/1.1 200 OK"
[2025-08-10 08:10:13,588] 107 dagshub - INFO - Initialized MLflow to track repo "Anderson12341645/networksecurity"
[2025-08-10 08:10:13,589] 107 dagshub - INFO - Repository Anderson12341645/networksecurity initialized!
[2025-08-10 08:10:34,249] 29 root - INFO - Starting data ingestion
[2025-08-10 08:10:44,576] 72 root - INFO - Performed train test split on the data
[2025-08-10 08:10:44,576] 73 root - INFO - Exited the split_data_as_train_test method
[2025-08-10 08:10:44,576] 78 root - INFO - Exporting train and test file path.
[2025-08-10 08:10:44,667] 83 root - INFO - Exported train and test file path.
[2025-08-10 08:10:44,667] 32 root - INFO - Data ingestion completed: DataIngestionArtifact(trained_file_path='Artifacts\\08_10_2025_08_10_07\\data_ingestion\\ingested\\train.csv', test_file_path='Artifacts\\08_10_2025_08_10_07\\data_ingestion\\ingested\\test.csv')
[2025-08-10 08:10:44,671] 41 root - INFO - Initiate the data validation
[2025-08-10 08:10:44,749] 55 root - INFO - Expected columns: 31, Actual columns: 31
[2025-08-10 08:10:44,749] 55 root - INFO - Expected columns: 31, Actual columns: 31
[2025-08-10 08:10:44,930] 43 root - INFO - Data validation completed successfully
[2025-08-10 08:10:44,930] 60 root - INFO - Initiating data transformation
[2025-08-10 08:10:44,932] 62 root - INFO - Starting data tranformation
[2025-08-10 08:10:44,977] 47 root - INFO - Entered the get_data_transformation_object method of the DataTransformation class
[2025-08-10 08:10:44,977] 51 root - INFO - Initialized KNNImputer with parameters: {'missing_values': nan, 'n_neighbors': 3, 'weights': 'uniform'}
[2025-08-10 08:10:45,001] 48 root - INFO - Saving object at: Artifacts\08_10_2025_08_10_07\data_transformation\transformed_object\preprocessing.pkl
[2025-08-10 08:10:45,013] 52 root - INFO - Object saved at: Artifacts\08_10_2025_08_10_07\data_transformation\transformed_object\preprocessing.pkl
[2025-08-10 08:10:45,013] 48 root - INFO - Saving object at: final_model/preprocessor.pkl
[2025-08-10 08:10:45,016] 52 root - INFO - Object saved at: final_model/preprocessor.pkl
[2025-08-10 08:10:45,016] 100 root - INFO - Data transformation artifact: DataTransformationArtifact(transformed_train_file_path='Artifacts\\08_10_2025_08_10_07\\data_transformation\\transformed\\train.npy', transformed_test_file_path='Artifacts\\08_10_2025_08_10_07\\data_transformation\\transformed\\test.npy', transformed_object_file_path='Artifacts\\08_10_2025_08_10_07\\data_transformation\\transformed_object\\preprocessing.pkl')
[2025-08-10 08:15:58,636] 48 root - INFO - Saving object at: Artifacts\08_10_2025_08_10_07\model_trainer\trained_model\model.pkl
[2025-08-10 08:15:58,663] 52 root - INFO - Object saved at: Artifacts\08_10_2025_08_10_07\model_trainer\trained_model\model.pkl
[2025-08-10 08:15:58,663] 48 root - INFO - Saving object at: final_model/model.pkl
[2025-08-10 08:15:58,679] 52 root - INFO - Object saved at: final_model/model.pkl
[2025-08-10 08:15:58,679] 146 root - INFO - Model training complete: ModelTrainerArtifact(trained_model_file_path='Artifacts\\08_10_2025_08_10_07\\model_trainer\\trained_model\\model.pkl', train_metric_artifact=ClassficationMetricArtifact(f1_score=0.9911397503020539, precision_score=0.988949166164356, recall_score=0.9933400605449041), test_metric_artifact=ClassficationMetricArtifact(f1_score=0.9777227722772277, precision_score=0.969721767594108, recall_score=0.9858569051580699))
